Unity Editor version:    2020.3.45f1 (660cd1701bd5)
Branch:                  2020.3/staging
Build type:              Release
Batch mode:              YES
macOS version:           Version 15.3.2 (Build 24D81)
Darwin version:          24.3.0
Architecture:            x86_64
Running under Rosetta:   YES
Available memory:        16384 MB
Using pre-set license
Pro License: NO

COMMAND LINE ARGUMENTS:
/Applications/Unity/Hub/Editor/2020.3.45f1/Unity.app/Contents/MacOS/Unity
-adb2
-batchMode
-noUpm
-name
AssetImportWorker0
-projectPath
/Users/youngmin/Desktop/게임프로그래밍/Sample project
-logFile
Logs/AssetImportWorker0.log
-srvPort
52528
Successfully changed project path to: /Users/youngmin/Desktop/게임프로그래밍/Sample project
/Users/youngmin/Desktop/게임프로그래밍/Sample project
Using Asset Import Pipeline V2.
Player connection [8782701056] Host "[IP] 192.168.219.105 [Port] 0 [Flags] 2 [Guid] 1500366584 [EditorId] 1500366584 [Version] 1048832 [Id] OSXEditor(0,gim-yeongmins-MacBook-Pro.local) [Debug] 1 [PackageName] OSXEditor [ProjectName] Editor" joined multi-casting on [225.0.0.222:54997]...

Player connection [8782701056] Host "[IP] 192.168.219.105 [Port] 0 [Flags] 2 [Guid] 1500366584 [EditorId] 1500366584 [Version] 1048832 [Id] OSXEditor(0,gim-yeongmins-MacBook-Pro.local) [Debug] 1 [PackageName] OSXEditor [ProjectName] Editor" joined alternative multi-casting on [225.0.0.222:34997]...

Refreshing native plugins compatible for Editor in 62.90 ms, found 2 plugins.
Preloading 0 native plugins for Editor in 0.00 ms.
Initialize engine version: 2020.3.45f1 (660cd1701bd5)
[Subsystems] Discovering subsystems at path /Applications/Unity/Hub/Editor/2020.3.45f1/Unity.app/Contents/Resources/UnitySubsystems
[Subsystems] Discovering subsystems at path /Users/youngmin/Desktop/게임프로그래밍/Sample project/Assets
GfxDevice: creating device client; threaded=0
2025-10-28 01:32:36.159 Unity[9287:715394] (null) preferred device: Apple M1 (high power)
2025-10-28 01:32:36.160 Unity[9287:715394] Metal devices available: 1
2025-10-28 01:32:36.160 Unity[9287:715394] 0: Apple M1 (high power)
2025-10-28 01:32:36.160 Unity[9287:715394] Using device Apple M1 (high power)
Initializing Metal device caps: Apple M1
Initialize mono
Mono path[0] = '/Applications/Unity/Hub/Editor/2020.3.45f1/Unity.app/Contents/Managed'
Mono path[1] = '/Applications/Unity/Hub/Editor/2020.3.45f1/Unity.app/Contents/MonoBleedingEdge/lib/mono/unityjit'
Mono config path = '/Applications/Unity/Hub/Editor/2020.3.45f1/Unity.app/Contents/MonoBleedingEdge/etc'
Using monoOptions --debugger-agent=transport=dt_socket,embedding=1,server=y,suspend=n,address=127.0.0.1:56287
Begin MonoManager ReloadAssembly
Registering precompiled unity dll's ...
Register platform support module: /Applications/Unity/Hub/Editor/2020.3.45f1/Unity.app/Contents/PlaybackEngines/MacStandaloneSupport/UnityEditor.OSXStandalone.Extensions.dll
Register platform support module: /Applications/Unity/Hub/Editor/2020.3.45f1/PlaybackEngines/WindowsStandaloneSupport/UnityEditor.WindowsStandalone.Extensions.dll
Registered in 0.002238 seconds.
Native extension for WindowsStandalone target not found
Native extension for OSXStandalone target not found
Refreshing native plugins compatible for Editor in 64.40 ms, found 2 plugins.
Preloading 0 native plugins for Editor in 0.00 ms.
Mono: successfully reloaded assembly
- Completed reload, in  1.399 seconds
Domain Reload Profiling:
	ReloadAssembly (1399ms)
		BeginReloadAssembly (109ms)
			ExecutionOrderSort (0ms)
			DisableScriptedObjects (0ms)
			BackupInstance (0ms)
			ReleaseScriptingObjects (0ms)
			CreateAndSetChildDomain (2ms)
		EndReloadAssembly (1171ms)
			LoadAssemblies (107ms)
			RebuildTransferFunctionScriptingTraits (0ms)
			SetupTypeCache (178ms)
			ReleaseScriptCaches (0ms)
			RebuildScriptCaches (37ms)
			SetupLoadedEditorAssemblies (642ms)
				LogAssemblyErrors (0ms)
				InitializePlatformSupportModulesInManaged (15ms)
				SetLoadedEditorAssemblies (0ms)
				RefreshPlugins (65ms)
				BeforeProcessingInitializeOnLoad (88ms)
				ProcessInitializeOnLoadAttributes (356ms)
				ProcessInitializeOnLoadMethodAttributes (117ms)
				AfterProcessingInitializeOnLoad (0ms)
				EditorAssembliesLoaded (1ms)
			ExecutionOrderSort2 (0ms)
			AwakeInstancesAfterBackupRestoration (0ms)
Platform modules already initialized, skipping
Registering precompiled user dll's ...
Registered in 0.004517 seconds.
Begin MonoManager ReloadAssembly
Native extension for WindowsStandalone target not found
Native extension for OSXStandalone target not found
Refreshing native plugins compatible for Editor in 73.09 ms, found 2 plugins.
Preloading 0 native plugins for Editor in 0.00 ms.
Mono: successfully reloaded assembly
- Completed reload, in  2.766 seconds
Domain Reload Profiling:
	ReloadAssembly (2768ms)
		BeginReloadAssembly (276ms)
			ExecutionOrderSort (0ms)
			DisableScriptedObjects (36ms)
			BackupInstance (0ms)
			ReleaseScriptingObjects (0ms)
			CreateAndSetChildDomain (39ms)
		EndReloadAssembly (2406ms)
			LoadAssemblies (222ms)
			RebuildTransferFunctionScriptingTraits (0ms)
			SetupTypeCache (425ms)
			ReleaseScriptCaches (2ms)
			RebuildScriptCaches (94ms)
			SetupLoadedEditorAssemblies (1313ms)
				LogAssemblyErrors (0ms)
				InitializePlatformSupportModulesInManaged (14ms)
				SetLoadedEditorAssemblies (1ms)
				RefreshPlugins (73ms)
				BeforeProcessingInitializeOnLoad (236ms)
				ProcessInitializeOnLoadAttributes (926ms)
				ProcessInitializeOnLoadMethodAttributes (61ms)
				AfterProcessingInitializeOnLoad (1ms)
				EditorAssembliesLoaded (0ms)
			ExecutionOrderSort2 (0ms)
			AwakeInstancesAfterBackupRestoration (7ms)
Platform modules already initialized, skipping
Validating Project structure ... 0.015993 seconds.
Shader import version has changed; will reimport all shaders...
Upgrading shader files ...0.015317 seconds.
Application.AssetDatabase Initial Script Refresh Start
RefreshInfo: InitialScriptRefreshV2(NoUpdateAssetOptions) scanfilter:  ... 1 filters
RefreshProfiler: Total: 0.000ms
Application.AssetDatabase Initial Script Refresh End
Application.AssetDatabase.Refresh Start
Application.AssetDatabase.Refresh End
RefreshInfo: StopAssetImportingV2(ForceSynchronousImport) scanfilter: 
RefreshProfiler: Total: 0.000ms
Launching external process: /Applications/Unity/Hub/Editor/2020.3.45f1/Unity.app/Contents/Tools/UnityShaderCompiler
Launched and connected shader compiler UnityShaderCompiler after 0.05 seconds
Initializing Unity extensions:
2025-10-28 01:32:42.171 Unity[9287:715394] NSEventModifierFlagFunction specified to -setKeyEquivalentModifierMask: for item <NSMenuItem: 0x7fcfb7d44430 Font Asset, ke='Command-F12'>, but is only supported for system-provided menu items; will not be used
2025-10-28 01:32:42.176 Unity[9287:715394] NSEventModifierFlagFunction specified to -setKeyEquivalentModifierMask: for item <NSMenuItem: 0x7fcfb7d5b890 Font Asset, ke='Command-F12'>, but is only supported for system-provided menu items; will not be used
========================================================================
Worker process is ready to serve import requests
Refreshing native plugins compatible for Editor in 0.69 ms, found 2 plugins.
Preloading 0 native plugins for Editor in 0.00 ms.
Unloading 2953 Unused Serialized files (Serialized files now loaded: 0)
System memory in use before: 142.7 MB.
System memory in use after: 142.1 MB.

Unloading 204 unused Assets to reduce memory usage. Loaded Objects now: 3431.
Total: 3.444750 ms (FindLiveObjects: 0.233000 ms CreateObjectMapping: 0.070333 ms MarkObjects: 2.585834 ms  DeleteObjects: 0.554458 ms)

AssetImportParameters requested are different than current active one (requested -> active):
  custom:video-decoder-ogg-theora: a1e56fd34408186e4bbccfd4996cb3dc -> 
  custom:container-muxer-webm: aa71ff27fc2769a1b78a27578f13a17b -> 
  custom:container-demuxer-webm: 4f35f7cbe854078d1ac9338744f61a02 -> 
  custom:container-demuxer-ogg: 62fdf1f143b41e24485cea50d1cbac27 -> 
  custom:video-encoder-webm-vp8: eb34c28f22e8b96e1ab97ce403110664 -> 
  custom:framework-osx-AVFoundation: e770b220cccbd017edd2c1fefb359320 -> 
  custom:video-decoder-webm-vp8: 9c59270c3fd7afecdb556c50c9e8de78 -> 
  custom:audio-decoder-ogg-vorbis: bf7c407c2cedff20999df2af8eb42d56 -> 
  custom:audio-encoder-webm-vorbis: bf7c407c2cedff20999df2af8eb42d56 -> 
========================================================================
Received Import Request.
  path: Assets/Fireworks.vfx
  artifactKey: Guid(a3fd5eb272e67497b9016447180c2c4f) Importer(815301076,1909f56bfc062723c751e8b465ee728b)
Start importing Assets/Fireworks.vfx using Guid(a3fd5eb272e67497b9016447180c2c4f) Importer(815301076,1909f56bfc062723c751e8b465ee728b)  -> (artifact id: '6ab623667cb9fc83b370da13e126c6d8') in 0.133877 seconds 
========================================================================
Received Import Request.
  Time since last request: 46.157923 seconds.
  path: Assets/Fireworks.vfx
  artifactKey: Guid(a3fd5eb272e67497b9016447180c2c4f) Importer(815301076,1909f56bfc062723c751e8b465ee728b)
Start importing Assets/Fireworks.vfx using Guid(a3fd5eb272e67497b9016447180c2c4f) Importer(815301076,1909f56bfc062723c751e8b465ee728b)  -> (artifact id: 'bbdbec19ef9c299bcdd68f1f78eacd55') in 0.003945 seconds 
========================================================================
Received Import Request.
  Time since last request: 27.722249 seconds.
  path: Assets/Fireworks.vfx
  artifactKey: Guid(a3fd5eb272e67497b9016447180c2c4f) Importer(815301076,1909f56bfc062723c751e8b465ee728b)
Start importing Assets/Fireworks.vfx using Guid(a3fd5eb272e67497b9016447180c2c4f) Importer(815301076,1909f56bfc062723c751e8b465ee728b)  -> (artifact id: '641d41f68cc86498e7b80cecdbe0d23f') in 0.003081 seconds 
========================================================================
Received Import Request.
  Time since last request: 45.353421 seconds.
  path: Assets/Fireworks.vfx
  artifactKey: Guid(a3fd5eb272e67497b9016447180c2c4f) Importer(815301076,1909f56bfc062723c751e8b465ee728b)
Start importing Assets/Fireworks.vfx using Guid(a3fd5eb272e67497b9016447180c2c4f) Importer(815301076,1909f56bfc062723c751e8b465ee728b)  -> (artifact id: 'a2ca18bf0465df2fd924a52106317492') in 0.002369 seconds 
========================================================================
Received Import Request.
  Time since last request: 35.258839 seconds.
  path: Assets/Fireworks.vfx
  artifactKey: Guid(a3fd5eb272e67497b9016447180c2c4f) Importer(815301076,1909f56bfc062723c751e8b465ee728b)
Start importing Assets/Fireworks.vfx using Guid(a3fd5eb272e67497b9016447180c2c4f) Importer(815301076,1909f56bfc062723c751e8b465ee728b)  -> (artifact id: 'f94c34055a3c5330d5cace1474ea1657') in 0.003105 seconds 
========================================================================
Received Import Request.
  Time since last request: 10.644739 seconds.
  path: Assets/Fireworks.vfx
  artifactKey: Guid(a3fd5eb272e67497b9016447180c2c4f) Importer(815301076,1909f56bfc062723c751e8b465ee728b)
Start importing Assets/Fireworks.vfx using Guid(a3fd5eb272e67497b9016447180c2c4f) Importer(815301076,1909f56bfc062723c751e8b465ee728b)  -> (artifact id: 'd6cc7c83e03e158bb85e770ce2b0bb6a') in 0.002465 seconds 
========================================================================
Received Import Request.
  Time since last request: 58.470924 seconds.
  path: Assets/Fireworks.vfx
  artifactKey: Guid(a3fd5eb272e67497b9016447180c2c4f) Importer(815301076,1909f56bfc062723c751e8b465ee728b)
Start importing Assets/Fireworks.vfx using Guid(a3fd5eb272e67497b9016447180c2c4f) Importer(815301076,1909f56bfc062723c751e8b465ee728b)  -> (artifact id: '26f56803b42697f00cf7459cf3cd6f23') in 0.002669 seconds 
========================================================================
Received Import Request.
  Time since last request: 29.408349 seconds.
  path: Assets/Fireworks.vfx
  artifactKey: Guid(a3fd5eb272e67497b9016447180c2c4f) Importer(815301076,1909f56bfc062723c751e8b465ee728b)
Start importing Assets/Fireworks.vfx using Guid(a3fd5eb272e67497b9016447180c2c4f) Importer(815301076,1909f56bfc062723c751e8b465ee728b)  -> (artifact id: '63e8063888047300c1a886755d3765f5') in 0.002287 seconds 
========================================================================
Received Import Request.
  Time since last request: 57.221637 seconds.
  path: Assets/Fireworks.vfx
  artifactKey: Guid(a3fd5eb272e67497b9016447180c2c4f) Importer(815301076,1909f56bfc062723c751e8b465ee728b)
Start importing Assets/Fireworks.vfx using Guid(a3fd5eb272e67497b9016447180c2c4f) Importer(815301076,1909f56bfc062723c751e8b465ee728b)  -> (artifact id: '6c9391e50e610f6179ff94a2682c15b7') in 0.002661 seconds 
========================================================================
Received Import Request.
  Time since last request: 2.972791 seconds.
  path: Assets/Fireworks.vfx
  artifactKey: Guid(a3fd5eb272e67497b9016447180c2c4f) Importer(815301076,1909f56bfc062723c751e8b465ee728b)
Start importing Assets/Fireworks.vfx using Guid(a3fd5eb272e67497b9016447180c2c4f) Importer(815301076,1909f56bfc062723c751e8b465ee728b)  -> (artifact id: '2f1396863e01ecf0c11801bc3e51ee73') in 0.002700 seconds 
========================================================================
Received Import Request.
  Time since last request: 20.157139 seconds.
  path: Assets/Fireworks.vfx
  artifactKey: Guid(a3fd5eb272e67497b9016447180c2c4f) Importer(815301076,1909f56bfc062723c751e8b465ee728b)
Start importing Assets/Fireworks.vfx using Guid(a3fd5eb272e67497b9016447180c2c4f) Importer(815301076,1909f56bfc062723c751e8b465ee728b)  -> (artifact id: 'bfd487fbc15e18880464f7209c439ed3') in 0.005316 seconds 
========================================================================
Received Import Request.
  Time since last request: 20.053537 seconds.
  path: Assets/Fireworks.vfx
  artifactKey: Guid(a3fd5eb272e67497b9016447180c2c4f) Importer(815301076,1909f56bfc062723c751e8b465ee728b)
Start importing Assets/Fireworks.vfx using Guid(a3fd5eb272e67497b9016447180c2c4f) Importer(815301076,1909f56bfc062723c751e8b465ee728b)  -> (artifact id: 'b23e5f7eed47d0f8e6ab6d1d6a66d9ba') in 0.002380 seconds 
========================================================================
Received Import Request.
  Time since last request: 182.381158 seconds.
  path: Assets/Scenes/New Scene_Profiles/GlobalPost Profile 1.asset
  artifactKey: Guid(2e25a228b73444a528d0064d9ffe662a) Importer(815301076,1909f56bfc062723c751e8b465ee728b)
Start importing Assets/Scenes/New Scene_Profiles/GlobalPost Profile 1.asset using Guid(2e25a228b73444a528d0064d9ffe662a) Importer(815301076,1909f56bfc062723c751e8b465ee728b)  -> (artifact id: '25bd0e2416e219b64678136e85faebc2') in 0.128017 seconds 
========================================================================
Received Import Request.
  Time since last request: 0.000342 seconds.
  path: Assets/Scenes/New Scene_Profiles/GlobalPost Profile.asset
  artifactKey: Guid(dadfc878dfa8348caa48557af64af007) Importer(815301076,1909f56bfc062723c751e8b465ee728b)
Start importing Assets/Scenes/New Scene_Profiles/GlobalPost Profile.asset using Guid(dadfc878dfa8348caa48557af64af007) Importer(815301076,1909f56bfc062723c751e8b465ee728b)  -> (artifact id: '0bd8ae24091a6619c0746e79b46fba58') in 0.003651 seconds 
========================================================================
Received Prepare
Registering precompiled user dll's ...
Registered in 0.002208 seconds.
Begin MonoManager ReloadAssembly
Native extension for WindowsStandalone target not found
Native extension for OSXStandalone target not found
Refreshing native plugins compatible for Editor in 0.69 ms, found 2 plugins.
Preloading 0 native plugins for Editor in 0.00 ms.
2025-10-28 01:42:45.426 Unity[9287:715394] NSEventModifierFlagFunction specified to -setKeyEquivalentModifierMask: for item <NSMenuItem: 0x7fcfb7b14f30 Font Asset, ke='Command-F12'>, but is only supported for system-provided menu items; will not be used
Mono: successfully reloaded assembly
- Completed reload, in  2.890 seconds
Domain Reload Profiling:
	ReloadAssembly (2891ms)
		BeginReloadAssembly (273ms)
			ExecutionOrderSort (0ms)
			DisableScriptedObjects (44ms)
			BackupInstance (0ms)
			ReleaseScriptingObjects (0ms)
			CreateAndSetChildDomain (77ms)
		EndReloadAssembly (2527ms)
			LoadAssemblies (256ms)
			RebuildTransferFunctionScriptingTraits (0ms)
			SetupTypeCache (393ms)
			ReleaseScriptCaches (2ms)
			RebuildScriptCaches (79ms)
			SetupLoadedEditorAssemblies (1303ms)
				LogAssemblyErrors (0ms)
				InitializePlatformSupportModulesInManaged (18ms)
				SetLoadedEditorAssemblies (1ms)
				RefreshPlugins (1ms)
				BeforeProcessingInitializeOnLoad (298ms)
				ProcessInitializeOnLoadAttributes (924ms)
				ProcessInitializeOnLoadMethodAttributes (60ms)
				AfterProcessingInitializeOnLoad (1ms)
				EditorAssembliesLoaded (0ms)
			ExecutionOrderSort2 (0ms)
			AwakeInstancesAfterBackupRestoration (5ms)
Platform modules already initialized, skipping
Refreshing native plugins compatible for Editor in 0.89 ms, found 2 plugins.
Preloading 0 native plugins for Editor in 0.00 ms.
Unloading 2874 Unused Serialized files (Serialized files now loaded: 0)
System memory in use before: 141.4 MB.
System memory in use after: 141.6 MB.

Unloading 14 unused Assets to reduce memory usage. Loaded Objects now: 3447.
Total: 3.387750 ms (FindLiveObjects: 0.320333 ms CreateObjectMapping: 0.066416 ms MarkObjects: 2.935459 ms  DeleteObjects: 0.063167 ms)

AssetImportParameters requested are different than current active one (requested -> active):
  custom:video-decoder-ogg-theora: a1e56fd34408186e4bbccfd4996cb3dc -> 
  custom:container-muxer-webm: aa71ff27fc2769a1b78a27578f13a17b -> 
  custom:container-demuxer-webm: 4f35f7cbe854078d1ac9338744f61a02 -> 
  custom:container-demuxer-ogg: 62fdf1f143b41e24485cea50d1cbac27 -> 
  custom:video-encoder-webm-vp8: eb34c28f22e8b96e1ab97ce403110664 -> 
  custom:framework-osx-AVFoundation: e770b220cccbd017edd2c1fefb359320 -> 
  custom:video-decoder-webm-vp8: 9c59270c3fd7afecdb556c50c9e8de78 -> 
  custom:audio-decoder-ogg-vorbis: bf7c407c2cedff20999df2af8eb42d56 -> 
  custom:audio-encoder-webm-vorbis: bf7c407c2cedff20999df2af8eb42d56 -> 
========================================================================
Received Import Request.
  Time since last request: 117.421621 seconds.
  path: Assets/Fireworks.vfx
  artifactKey: Guid(a3fd5eb272e67497b9016447180c2c4f) Importer(815301076,1909f56bfc062723c751e8b465ee728b)
Start importing Assets/Fireworks.vfx using Guid(a3fd5eb272e67497b9016447180c2c4f) Importer(815301076,1909f56bfc062723c751e8b465ee728b)  -> (artifact id: '7c556b23cccb56bf665b7da7e92f9024') in 0.035602 seconds 
========================================================================
Received Import Request.
  Time since last request: 28.484783 seconds.
  path: Assets/Fireworks.vfx
  artifactKey: Guid(a3fd5eb272e67497b9016447180c2c4f) Importer(815301076,1909f56bfc062723c751e8b465ee728b)
Start importing Assets/Fireworks.vfx using Guid(a3fd5eb272e67497b9016447180c2c4f) Importer(815301076,1909f56bfc062723c751e8b465ee728b)  -> (artifact id: 'b9b1f47ca86f376d94e8ae308ba58976') in 0.004481 seconds 
========================================================================
Received Import Request.
  Time since last request: 9.441886 seconds.
  path: Assets/Firework.vfx
  artifactKey: Guid(a3fd5eb272e67497b9016447180c2c4f) Importer(815301076,1909f56bfc062723c751e8b465ee728b)
Start importing Assets/Firework.vfx using Guid(a3fd5eb272e67497b9016447180c2c4f) Importer(815301076,1909f56bfc062723c751e8b465ee728b)  -> (artifact id: '6cd332f10f815dffcae874c67c318f09') in 0.002666 seconds 
========================================================================
Received Prepare
Registering precompiled user dll's ...
Registered in 0.001214 seconds.
Begin MonoManager ReloadAssembly
Native extension for WindowsStandalone target not found
Native extension for OSXStandalone target not found
Refreshing native plugins compatible for Editor in 0.54 ms, found 2 plugins.
Preloading 0 native plugins for Editor in 0.00 ms.
2025-10-28 01:44:40.760 Unity[9287:715394] NSEventModifierFlagFunction specified to -setKeyEquivalentModifierMask: for item <NSMenuItem: 0x7fcfb7dc5ed0 Font Asset, ke='Command-F12'>, but is only supported for system-provided menu items; will not be used
Mono: successfully reloaded assembly
- Completed reload, in  2.454 seconds
Domain Reload Profiling:
	ReloadAssembly (2455ms)
		BeginReloadAssembly (215ms)
			ExecutionOrderSort (0ms)
			DisableScriptedObjects (34ms)
			BackupInstance (0ms)
			ReleaseScriptingObjects (0ms)
			CreateAndSetChildDomain (50ms)
		EndReloadAssembly (2165ms)
			LoadAssemblies (203ms)
			RebuildTransferFunctionScriptingTraits (0ms)
			SetupTypeCache (323ms)
			ReleaseScriptCaches (1ms)
			RebuildScriptCaches (69ms)
			SetupLoadedEditorAssemblies (1161ms)
				LogAssemblyErrors (0ms)
				InitializePlatformSupportModulesInManaged (14ms)
				SetLoadedEditorAssemblies (1ms)
				RefreshPlugins (1ms)
				BeforeProcessingInitializeOnLoad (267ms)
				ProcessInitializeOnLoadAttributes (815ms)
				ProcessInitializeOnLoadMethodAttributes (62ms)
				AfterProcessingInitializeOnLoad (1ms)
				EditorAssembliesLoaded (0ms)
			ExecutionOrderSort2 (0ms)
			AwakeInstancesAfterBackupRestoration (27ms)
Platform modules already initialized, skipping
Refreshing native plugins compatible for Editor in 0.51 ms, found 2 plugins.
Preloading 0 native plugins for Editor in 0.00 ms.
Unloading 2874 Unused Serialized files (Serialized files now loaded: 0)
System memory in use before: 142.2 MB.
System memory in use after: 142.4 MB.

Unloading 13 unused Assets to reduce memory usage. Loaded Objects now: 3461.
Total: 2.377375 ms (FindLiveObjects: 0.131292 ms CreateObjectMapping: 0.064417 ms MarkObjects: 2.155334 ms  DeleteObjects: 0.025500 ms)

AssetImportParameters requested are different than current active one (requested -> active):
  custom:video-decoder-ogg-theora: a1e56fd34408186e4bbccfd4996cb3dc -> 
  custom:container-muxer-webm: aa71ff27fc2769a1b78a27578f13a17b -> 
  custom:container-demuxer-webm: 4f35f7cbe854078d1ac9338744f61a02 -> 
  custom:container-demuxer-ogg: 62fdf1f143b41e24485cea50d1cbac27 -> 
  custom:video-encoder-webm-vp8: eb34c28f22e8b96e1ab97ce403110664 -> 
  custom:framework-osx-AVFoundation: e770b220cccbd017edd2c1fefb359320 -> 
  custom:video-decoder-webm-vp8: 9c59270c3fd7afecdb556c50c9e8de78 -> 
  custom:audio-decoder-ogg-vorbis: bf7c407c2cedff20999df2af8eb42d56 -> 
  custom:audio-encoder-webm-vorbis: bf7c407c2cedff20999df2af8eb42d56 -> 
========================================================================
Received Prepare
Registering precompiled user dll's ...
Registered in 0.001376 seconds.
Begin MonoManager ReloadAssembly
Native extension for WindowsStandalone target not found
Native extension for OSXStandalone target not found
Refreshing native plugins compatible for Editor in 0.95 ms, found 2 plugins.
Preloading 0 native plugins for Editor in 0.00 ms.
2025-10-28 01:45:07.232 Unity[9287:715394] NSEventModifierFlagFunction specified to -setKeyEquivalentModifierMask: for item <NSMenuItem: 0x7fcfb7ea8820 Font Asset, ke='Command-F12'>, but is only supported for system-provided menu items; will not be used
Mono: successfully reloaded assembly
- Completed reload, in  2.664 seconds
Domain Reload Profiling:
	ReloadAssembly (2665ms)
		BeginReloadAssembly (236ms)
			ExecutionOrderSort (0ms)
			DisableScriptedObjects (34ms)
			BackupInstance (0ms)
			ReleaseScriptingObjects (0ms)
			CreateAndSetChildDomain (63ms)
		EndReloadAssembly (2335ms)
			LoadAssemblies (247ms)
			RebuildTransferFunctionScriptingTraits (0ms)
			SetupTypeCache (386ms)
			ReleaseScriptCaches (2ms)
			RebuildScriptCaches (77ms)
			SetupLoadedEditorAssemblies (1216ms)
				LogAssemblyErrors (0ms)
				InitializePlatformSupportModulesInManaged (16ms)
				SetLoadedEditorAssemblies (2ms)
				RefreshPlugins (1ms)
				BeforeProcessingInitializeOnLoad (296ms)
				ProcessInitializeOnLoadAttributes (846ms)
				ProcessInitializeOnLoadMethodAttributes (54ms)
				AfterProcessingInitializeOnLoad (1ms)
				EditorAssembliesLoaded (0ms)
			ExecutionOrderSort2 (0ms)
			AwakeInstancesAfterBackupRestoration (24ms)
Platform modules already initialized, skipping
Refreshing native plugins compatible for Editor in 0.51 ms, found 2 plugins.
Preloading 0 native plugins for Editor in 0.00 ms.
Unloading 2874 Unused Serialized files (Serialized files now loaded: 0)
System memory in use before: 142.2 MB.
System memory in use after: 142.5 MB.

Unloading 13 unused Assets to reduce memory usage. Loaded Objects now: 3475.
Total: 2.294500 ms (FindLiveObjects: 0.134333 ms CreateObjectMapping: 0.060750 ms MarkObjects: 2.077875 ms  DeleteObjects: 0.020750 ms)

AssetImportParameters requested are different than current active one (requested -> active):
  custom:video-decoder-ogg-theora: a1e56fd34408186e4bbccfd4996cb3dc -> 
  custom:container-muxer-webm: aa71ff27fc2769a1b78a27578f13a17b -> 
  custom:container-demuxer-webm: 4f35f7cbe854078d1ac9338744f61a02 -> 
  custom:container-demuxer-ogg: 62fdf1f143b41e24485cea50d1cbac27 -> 
  custom:video-encoder-webm-vp8: eb34c28f22e8b96e1ab97ce403110664 -> 
  custom:framework-osx-AVFoundation: e770b220cccbd017edd2c1fefb359320 -> 
  custom:video-decoder-webm-vp8: 9c59270c3fd7afecdb556c50c9e8de78 -> 
  custom:audio-decoder-ogg-vorbis: bf7c407c2cedff20999df2af8eb42d56 -> 
  custom:audio-encoder-webm-vorbis: bf7c407c2cedff20999df2af8eb42d56 -> 
========================================================================
Received Import Request.
  Time since last request: 121.573233 seconds.
  path: Assets/Fire.vfx
  artifactKey: Guid(ccdda046237564715ac1708284169da6) Importer(815301076,1909f56bfc062723c751e8b465ee728b)
Start importing Assets/Fire.vfx using Guid(ccdda046237564715ac1708284169da6) Importer(815301076,1909f56bfc062723c751e8b465ee728b)  -> (artifact id: 'a1c9566a262cb411c11cf06130b39d66') in 0.036398 seconds 
